0 info it worked if it ends with ok
1 verbose cli [ '/usr/local/bin/node', '/usr/local/bin/npm', 'install' ]
2 info using npm@3.10.9
3 info using node@v7.1.0
4 silly loadCurrentTree Starting
5 silly install loadCurrentTree
6 silly install readLocalPackageData
7 silly install normalizeTree
8 silly loadCurrentTree Finishing
9 silly loadIdealTree Starting
10 silly install loadIdealTree
11 silly cloneCurrentTree Starting
12 silly install cloneCurrentTreeToIdealTree
13 silly cloneCurrentTree Finishing
14 silly loadShrinkwrap Starting
15 silly install loadShrinkwrap
16 silly fetchOtherPackageData vscode-jsonrpc@https://registry.npmjs.org/vscode-jsonrpc/-/vscode-jsonrpc-2.2.0.tgz
17 silly cache add args [ 'vscode-jsonrpc@https://registry.npmjs.org/vscode-jsonrpc/-/vscode-jsonrpc-2.2.0.tgz',
17 silly cache add   null ]
18 verbose cache add spec vscode-jsonrpc@https://registry.npmjs.org/vscode-jsonrpc/-/vscode-jsonrpc-2.2.0.tgz
19 silly fetchOtherPackageData vscode-languageclient@https://registry.npmjs.org/vscode-languageclient/-/vscode-languageclient-2.3.0.tgz
20 silly cache add args [ 'vscode-languageclient@https://registry.npmjs.org/vscode-languageclient/-/vscode-languageclient-2.3.0.tgz',
20 silly cache add   null ]
21 verbose cache add spec vscode-languageclient@https://registry.npmjs.org/vscode-languageclient/-/vscode-languageclient-2.3.0.tgz
22 silly cache add parsed spec Result {
22 silly cache add   raw: 'vscode-jsonrpc@https://registry.npmjs.org/vscode-jsonrpc/-/vscode-jsonrpc-2.2.0.tgz',
22 silly cache add   scope: null,
22 silly cache add   escapedName: 'vscode-jsonrpc',
22 silly cache add   name: 'vscode-jsonrpc',
22 silly cache add   rawSpec: 'https://registry.npmjs.org/vscode-jsonrpc/-/vscode-jsonrpc-2.2.0.tgz',
22 silly cache add   spec: 'https://registry.npmjs.org/vscode-jsonrpc/-/vscode-jsonrpc-2.2.0.tgz',
22 silly cache add   type: 'remote' }
23 silly mapToRegistry name vscode-jsonrpc@https://registry.npmjs.org/vscode-jsonrpc/-/vscode-jsonrpc-2.2.0.tgz
24 silly mapToRegistry using default registry
25 silly mapToRegistry registry https://registry.npmjs.org/
26 silly mapToRegistry data Result {
26 silly mapToRegistry   raw: 'vscode-jsonrpc@https://registry.npmjs.org/vscode-jsonrpc/-/vscode-jsonrpc-2.2.0.tgz',
26 silly mapToRegistry   scope: null,
26 silly mapToRegistry   escapedName: 'vscode-jsonrpc',
26 silly mapToRegistry   name: 'vscode-jsonrpc',
26 silly mapToRegistry   rawSpec: 'https://registry.npmjs.org/vscode-jsonrpc/-/vscode-jsonrpc-2.2.0.tgz',
26 silly mapToRegistry   spec: 'https://registry.npmjs.org/vscode-jsonrpc/-/vscode-jsonrpc-2.2.0.tgz',
26 silly mapToRegistry   type: 'remote' }
27 silly mapToRegistry uri https://registry.npmjs.org/vscode-jsonrpc/-/vscode-jsonrpc-2.2.0.tgz
28 verbose addRemoteTarball https://registry.npmjs.org/vscode-jsonrpc/-/vscode-jsonrpc-2.2.0.tgz not in flight; adding
29 verbose addRemoteTarball [ 'https://registry.npmjs.org/vscode-jsonrpc/-/vscode-jsonrpc-2.2.0.tgz',
29 verbose addRemoteTarball   null ]
30 silly cache add parsed spec Result {
30 silly cache add   raw: 'vscode-languageclient@https://registry.npmjs.org/vscode-languageclient/-/vscode-languageclient-2.3.0.tgz',
30 silly cache add   scope: null,
30 silly cache add   escapedName: 'vscode-languageclient',
30 silly cache add   name: 'vscode-languageclient',
30 silly cache add   rawSpec: 'https://registry.npmjs.org/vscode-languageclient/-/vscode-languageclient-2.3.0.tgz',
30 silly cache add   spec: 'https://registry.npmjs.org/vscode-languageclient/-/vscode-languageclient-2.3.0.tgz',
30 silly cache add   type: 'remote' }
31 silly mapToRegistry name vscode-languageclient@https://registry.npmjs.org/vscode-languageclient/-/vscode-languageclient-2.3.0.tgz
32 silly mapToRegistry using default registry
33 silly mapToRegistry registry https://registry.npmjs.org/
34 silly mapToRegistry data Result {
34 silly mapToRegistry   raw: 'vscode-languageclient@https://registry.npmjs.org/vscode-languageclient/-/vscode-languageclient-2.3.0.tgz',
34 silly mapToRegistry   scope: null,
34 silly mapToRegistry   escapedName: 'vscode-languageclient',
34 silly mapToRegistry   name: 'vscode-languageclient',
34 silly mapToRegistry   rawSpec: 'https://registry.npmjs.org/vscode-languageclient/-/vscode-languageclient-2.3.0.tgz',
34 silly mapToRegistry   spec: 'https://registry.npmjs.org/vscode-languageclient/-/vscode-languageclient-2.3.0.tgz',
34 silly mapToRegistry   type: 'remote' }
35 silly mapToRegistry uri https://registry.npmjs.org/vscode-languageclient/-/vscode-languageclient-2.3.0.tgz
36 verbose addRemoteTarball https://registry.npmjs.org/vscode-languageclient/-/vscode-languageclient-2.3.0.tgz not in flight; adding
37 verbose addRemoteTarball [ 'https://registry.npmjs.org/vscode-languageclient/-/vscode-languageclient-2.3.0.tgz',
37 verbose addRemoteTarball   null ]
38 info retry fetch attempt 1 at 00:41:12
39 info attempt registry request try #1 at 00:41:12
40 http fetch GET https://registry.npmjs.org/vscode-jsonrpc/-/vscode-jsonrpc-2.2.0.tgz
41 verbose request id 4926de77f36eaad5
42 info retry fetch attempt 1 at 00:41:13
43 info attempt registry request try #1 at 00:41:13
44 http fetch GET https://registry.npmjs.org/vscode-languageclient/-/vscode-languageclient-2.3.0.tgz
45 http fetch 200 https://registry.npmjs.org/vscode-languageclient/-/vscode-languageclient-2.3.0.tgz
46 http fetch 200 https://registry.npmjs.org/vscode-jsonrpc/-/vscode-jsonrpc-2.2.0.tgz
47 silly fetchAndShaCheck shasum cc93334e68929aba34ecebd57e1ee0320e8f4311
48 verbose addTmpTarball /var/folders/56/s66mrx0n3w7fcc4kcc7qkjqh0000gn/T/npm-4435-8357e895/registry.npmjs.org/vscode-languageclient/-/vscode-languageclient-2.3.0.tgz not in flight; adding
49 verbose correctMkdir /Users/robert/.electron-gyp/.npm correctMkdir not in flight; initializing
50 verbose addTmpTarball validating metadata from /var/folders/56/s66mrx0n3w7fcc4kcc7qkjqh0000gn/T/npm-4435-8357e895/registry.npmjs.org/vscode-languageclient/-/vscode-languageclient-2.3.0.tgz
51 verbose tar unpack /var/folders/56/s66mrx0n3w7fcc4kcc7qkjqh0000gn/T/npm-4435-8357e895/registry.npmjs.org/vscode-languageclient/-/vscode-languageclient-2.3.0.tgz
52 verbose tar unpacking to /var/folders/56/s66mrx0n3w7fcc4kcc7qkjqh0000gn/T/npm-4435-8357e895/unpack-aa8793c6
53 silly gentlyRm /var/folders/56/s66mrx0n3w7fcc4kcc7qkjqh0000gn/T/npm-4435-8357e895/unpack-aa8793c6 is being purged
54 verbose gentlyRm don't care about contents; nuking /var/folders/56/s66mrx0n3w7fcc4kcc7qkjqh0000gn/T/npm-4435-8357e895/unpack-aa8793c6
55 silly gunzTarPerm modes [ '755', '644' ]
56 silly gunzTarPerm extractEntry package.json
57 silly gunzTarPerm modified mode [ 'package.json', 438, 420 ]
58 silly gunzTarPerm extractEntry .npmignore
59 silly gunzTarPerm modified mode [ '.npmignore', 438, 420 ]
60 silly gunzTarPerm extractEntry README.md
61 silly gunzTarPerm modified mode [ 'README.md', 438, 420 ]
62 silly fetchAndShaCheck shasum f75a630731aef94483ac1528378dc32810d734e4
63 verbose addTmpTarball /var/folders/56/s66mrx0n3w7fcc4kcc7qkjqh0000gn/T/npm-4435-8357e895/registry.npmjs.org/vscode-jsonrpc/-/vscode-jsonrpc-2.2.0.tgz not in flight; adding
64 verbose correctMkdir /Users/robert/.electron-gyp/.npm correctMkdir not in flight; initializing
65 verbose addTmpTarball validating metadata from /var/folders/56/s66mrx0n3w7fcc4kcc7qkjqh0000gn/T/npm-4435-8357e895/registry.npmjs.org/vscode-jsonrpc/-/vscode-jsonrpc-2.2.0.tgz
66 verbose tar unpack /var/folders/56/s66mrx0n3w7fcc4kcc7qkjqh0000gn/T/npm-4435-8357e895/registry.npmjs.org/vscode-jsonrpc/-/vscode-jsonrpc-2.2.0.tgz
67 verbose tar unpacking to /var/folders/56/s66mrx0n3w7fcc4kcc7qkjqh0000gn/T/npm-4435-8357e895/unpack-4f18fbb2
68 silly gentlyRm /var/folders/56/s66mrx0n3w7fcc4kcc7qkjqh0000gn/T/npm-4435-8357e895/unpack-4f18fbb2 is being purged
69 verbose gentlyRm don't care about contents; nuking /var/folders/56/s66mrx0n3w7fcc4kcc7qkjqh0000gn/T/npm-4435-8357e895/unpack-4f18fbb2
70 silly gunzTarPerm modes [ '755', '644' ]
71 silly gunzTarPerm extractEntry License.txt
72 silly gunzTarPerm modified mode [ 'License.txt', 438, 420 ]
73 silly gunzTarPerm extractEntry lib/protocolCodeLens.js
74 silly gunzTarPerm modified mode [ 'lib/protocolCodeLens.js', 438, 420 ]
75 silly gunzTarPerm extractEntry package.json
76 silly gunzTarPerm modified mode [ 'package.json', 438, 420 ]
77 silly gunzTarPerm extractEntry lib/main.js
78 silly gunzTarPerm modified mode [ 'lib/main.js', 438, 420 ]
79 silly gunzTarPerm extractEntry lib/protocol.js
80 silly gunzTarPerm modified mode [ 'lib/protocol.js', 438, 420 ]
81 silly gunzTarPerm extractEntry lib/codeConverter.js
82 silly gunzTarPerm modified mode [ 'lib/codeConverter.js', 438, 420 ]
83 silly gunzTarPerm extractEntry lib/protocolCompletionItem.js
84 silly gunzTarPerm modified mode [ 'lib/protocolCompletionItem.js', 438, 420 ]
85 silly gunzTarPerm extractEntry lib/protocolConverter.js
86 silly gunzTarPerm modified mode [ 'lib/protocolConverter.js', 438, 420 ]
87 silly gunzTarPerm extractEntry lib/protocolDiagnostic.js
88 silly gunzTarPerm modified mode [ 'lib/protocolDiagnostic.js', 438, 420 ]
89 silly gunzTarPerm extractEntry lib/codeConverter.d.ts
90 silly gunzTarPerm modified mode [ 'lib/codeConverter.d.ts', 438, 420 ]
91 silly gunzTarPerm extractEntry lib/protocolCompletionItem.d.ts
92 silly gunzTarPerm modified mode [ 'lib/protocolCompletionItem.d.ts', 438, 420 ]
93 silly gunzTarPerm extractEntry lib/protocol.d.ts
94 silly gunzTarPerm modified mode [ 'lib/protocol.d.ts', 438, 420 ]
95 silly gunzTarPerm extractEntry lib/protocolConverter.d.ts
96 silly gunzTarPerm modified mode [ 'lib/protocolConverter.d.ts', 438, 420 ]
97 silly gunzTarPerm extractEntry lib/main.d.ts
98 silly gunzTarPerm modified mode [ 'lib/main.d.ts', 438, 420 ]
99 silly gunzTarPerm extractEntry lib/protocolDiagnostic.d.ts
100 silly gunzTarPerm modified mode [ 'lib/protocolDiagnostic.d.ts', 438, 420 ]
101 silly gunzTarPerm extractEntry lib/protocolCodeLens.d.ts
102 silly gunzTarPerm modified mode [ 'lib/protocolCodeLens.d.ts', 438, 420 ]
103 silly gunzTarPerm extractEntry lib/utils/async.js
104 silly gunzTarPerm modified mode [ 'lib/utils/async.js', 438, 420 ]
105 silly gunzTarPerm extractEntry lib/utils/electron.js
106 silly gunzTarPerm modified mode [ 'lib/utils/electron.js', 438, 420 ]
107 silly gunzTarPerm extractEntry lib/utils/electronForkStart.js
108 silly gunzTarPerm modified mode [ 'lib/utils/electronForkStart.js', 438, 420 ]
109 silly gunzTarPerm extractEntry lib/utils/is.js
110 silly gunzTarPerm modified mode [ 'lib/utils/is.js', 438, 420 ]
111 silly gunzTarPerm extractEntry lib/utils/processes.js
112 silly gunzTarPerm modified mode [ 'lib/utils/processes.js', 438, 420 ]
113 silly gunzTarPerm extractEntry lib/utils/async.d.ts
114 silly gunzTarPerm modified mode [ 'lib/utils/async.d.ts', 438, 420 ]
115 silly gunzTarPerm extractEntry lib/utils/electron.d.ts
116 silly gunzTarPerm modified mode [ 'lib/utils/electron.d.ts', 438, 420 ]
117 silly gunzTarPerm extractEntry lib/utils/electronForkStart.d.ts
118 silly gunzTarPerm modified mode [ 'lib/utils/electronForkStart.d.ts', 438, 420 ]
119 silly gunzTarPerm extractEntry lib/utils/is.d.ts
120 silly gunzTarPerm modified mode [ 'lib/utils/is.d.ts', 438, 420 ]
121 silly gunzTarPerm extractEntry lib/utils/processes.d.ts
122 silly gunzTarPerm modified mode [ 'lib/utils/processes.d.ts', 438, 420 ]
123 silly gunzTarPerm extractEntry thirdpartynotices.txt
124 silly gunzTarPerm modified mode [ 'thirdpartynotices.txt', 438, 420 ]
125 silly gunzTarPerm extractEntry .npmignore
126 silly gunzTarPerm modified mode [ '.npmignore', 438, 420 ]
127 silly gunzTarPerm extractEntry README.md
128 silly gunzTarPerm modified mode [ 'README.md', 438, 420 ]
129 silly gunzTarPerm extractEntry lib/main.js
130 silly gunzTarPerm modified mode [ 'lib/main.js', 438, 420 ]
131 silly gunzTarPerm extractEntry lib/events.js
132 silly gunzTarPerm modified mode [ 'lib/events.js', 438, 420 ]
133 silly gunzTarPerm extractEntry lib/is.js
134 silly gunzTarPerm modified mode [ 'lib/is.js', 438, 420 ]
135 silly gunzTarPerm extractEntry lib/cancellation.js
136 silly gunzTarPerm modified mode [ 'lib/cancellation.js', 438, 420 ]
137 silly gunzTarPerm extractEntry lib/messageReader.js
138 silly gunzTarPerm modified mode [ 'lib/messageReader.js', 438, 420 ]
139 silly gunzTarPerm extractEntry lib/messageWriter.js
140 silly gunzTarPerm modified mode [ 'lib/messageWriter.js', 438, 420 ]
141 silly gunzTarPerm extractEntry lib/messages.js
142 silly gunzTarPerm modified mode [ 'lib/messages.js', 438, 420 ]
143 silly gunzTarPerm extractEntry lib/cancellation.d.ts
144 silly gunzTarPerm modified mode [ 'lib/cancellation.d.ts', 438, 420 ]
145 silly gunzTarPerm extractEntry lib/messageReader.d.ts
146 silly gunzTarPerm modified mode [ 'lib/messageReader.d.ts', 438, 420 ]
147 silly gunzTarPerm extractEntry lib/is.d.ts
148 silly gunzTarPerm modified mode [ 'lib/is.d.ts', 438, 420 ]
149 silly gunzTarPerm extractEntry lib/messageWriter.d.ts
150 silly gunzTarPerm modified mode [ 'lib/messageWriter.d.ts', 438, 420 ]
151 silly gunzTarPerm extractEntry lib/events.d.ts
152 silly gunzTarPerm modified mode [ 'lib/events.d.ts', 438, 420 ]
153 silly gunzTarPerm extractEntry lib/messages.d.ts
154 silly gunzTarPerm modified mode [ 'lib/messages.d.ts', 438, 420 ]
155 silly gunzTarPerm extractEntry lib/main.d.ts
156 silly gunzTarPerm modified mode [ 'lib/main.d.ts', 438, 420 ]
157 silly gunzTarPerm extractEntry License.txt
158 silly gunzTarPerm modified mode [ 'License.txt', 438, 420 ]
159 silly gunzTarPerm extractEntry thirdpartynotices.txt
160 silly gunzTarPerm modified mode [ 'thirdpartynotices.txt', 438, 420 ]
161 verbose correctMkdir /Users/robert/.electron-gyp/.npm correctMkdir not in flight; initializing
162 silly cache afterAdd vscode-jsonrpc@2.2.0
163 verbose afterAdd /Users/robert/.electron-gyp/.npm/vscode-jsonrpc/2.2.0/package/package.json not in flight; writing
164 verbose correctMkdir /Users/robert/.electron-gyp/.npm correctMkdir not in flight; initializing
165 verbose afterAdd /Users/robert/.electron-gyp/.npm/vscode-jsonrpc/2.2.0/package/package.json written
166 verbose correctMkdir /Users/robert/.electron-gyp/.npm correctMkdir not in flight; initializing
167 silly cache afterAdd vscode-languageclient@2.3.0
168 verbose afterAdd /Users/robert/.electron-gyp/.npm/vscode-languageclient/2.3.0/package/package.json not in flight; writing
169 verbose correctMkdir /Users/robert/.electron-gyp/.npm correctMkdir not in flight; initializing
170 verbose afterAdd /Users/robert/.electron-gyp/.npm/vscode-languageclient/2.3.0/package/package.json written
171 silly loadShrinkwrap Finishing
172 silly loadAllDepsIntoIdealTree Starting
173 silly install loadAllDepsIntoIdealTree
174 silly loadAllDepsIntoIdealTree Finishing
175 silly loadIdealTree Finishing
176 silly currentTree vshaxe@0.1.3
177 silly idealTree vshaxe@0.1.3
177 silly idealTree ├── vscode-jsonrpc@2.2.0
177 silly idealTree └── vscode-languageclient@2.3.0
178 silly generateActionsToTake Starting
179 silly install generateActionsToTake
180 silly generateActionsToTake Finishing
181 silly diffTrees action count 2
182 silly diffTrees add vscode-jsonrpc@2.2.0
183 silly diffTrees add vscode-languageclient@2.3.0
184 silly decomposeActions action count 16
185 silly decomposeActions fetch vscode-jsonrpc@2.2.0
186 silly decomposeActions extract vscode-jsonrpc@2.2.0
187 silly decomposeActions test vscode-jsonrpc@2.2.0
188 silly decomposeActions preinstall vscode-jsonrpc@2.2.0
189 silly decomposeActions build vscode-jsonrpc@2.2.0
190 silly decomposeActions install vscode-jsonrpc@2.2.0
191 silly decomposeActions postinstall vscode-jsonrpc@2.2.0
192 silly decomposeActions finalize vscode-jsonrpc@2.2.0
193 silly decomposeActions fetch vscode-languageclient@2.3.0
194 silly decomposeActions extract vscode-languageclient@2.3.0
195 silly decomposeActions test vscode-languageclient@2.3.0
196 silly decomposeActions preinstall vscode-languageclient@2.3.0
197 silly decomposeActions build vscode-languageclient@2.3.0
198 silly decomposeActions install vscode-languageclient@2.3.0
199 silly decomposeActions postinstall vscode-languageclient@2.3.0
200 silly decomposeActions finalize vscode-languageclient@2.3.0
201 silly runTopLevelLifecycles Starting
202 silly install runPreinstallTopLevelLifecycles
203 silly preinstall vshaxe@0.1.3 /Users/robert/Projekte/KodeStudio/extensions/haxe/vshaxe-c7059cb0
204 info lifecycle vshaxe@0.1.3~preinstall: vshaxe@0.1.3
205 silly lifecycle vshaxe@0.1.3~preinstall: no script for preinstall, continuing
206 silly executeActions Starting
207 silly install executeActions
208 silly doSerial global-install 0
209 silly doParallel fetch 2
210 verbose correctMkdir /Users/robert/.electron-gyp/.npm/_locks correctMkdir not in flight; initializing
211 verbose lock using /Users/robert/.electron-gyp/.npm/_locks/staging-111836457d058c58.lock for /Users/robert/Projekte/KodeStudio/extensions/haxe/node_modules/.staging
212 silly doParallel extract 2
213 silly extract vscode-jsonrpc@2.2.0
214 silly extract vscode-languageclient@2.3.0
215 verbose unbuild node_modules/.staging/vscode-jsonrpc-5f564aca
216 verbose unbuild node_modules/.staging/vscode-languageclient-b35ea036
217 silly gentlyRm /Users/robert/Projekte/KodeStudio/extensions/haxe/node_modules/.staging/vscode-jsonrpc-5f564aca is being purged from base /Users/robert/Projekte/KodeStudio/extensions/haxe
218 verbose gentlyRm don't care about contents; nuking /Users/robert/Projekte/KodeStudio/extensions/haxe/node_modules/.staging/vscode-jsonrpc-5f564aca
219 silly gentlyRm /Users/robert/Projekte/KodeStudio/extensions/haxe/node_modules/.staging/vscode-languageclient-b35ea036 is being purged from base /Users/robert/Projekte/KodeStudio/extensions/haxe
220 verbose gentlyRm don't care about contents; nuking /Users/robert/Projekte/KodeStudio/extensions/haxe/node_modules/.staging/vscode-languageclient-b35ea036
221 verbose tar unpack /Users/robert/.electron-gyp/.npm/vscode-jsonrpc/2.2.0/package.tgz
222 verbose tar unpacking to /Users/robert/Projekte/KodeStudio/extensions/haxe/node_modules/.staging/vscode-jsonrpc-5f564aca
223 silly gentlyRm /Users/robert/Projekte/KodeStudio/extensions/haxe/node_modules/.staging/vscode-jsonrpc-5f564aca is being purged
224 verbose gentlyRm don't care about contents; nuking /Users/robert/Projekte/KodeStudio/extensions/haxe/node_modules/.staging/vscode-jsonrpc-5f564aca
225 verbose tar unpack /Users/robert/.electron-gyp/.npm/vscode-languageclient/2.3.0/package.tgz
226 verbose tar unpacking to /Users/robert/Projekte/KodeStudio/extensions/haxe/node_modules/.staging/vscode-languageclient-b35ea036
227 silly gentlyRm /Users/robert/Projekte/KodeStudio/extensions/haxe/node_modules/.staging/vscode-languageclient-b35ea036 is being purged
228 verbose gentlyRm don't care about contents; nuking /Users/robert/Projekte/KodeStudio/extensions/haxe/node_modules/.staging/vscode-languageclient-b35ea036
229 silly gunzTarPerm modes [ '755', '644' ]
230 silly gunzTarPerm modes [ '755', '644' ]
231 silly gunzTarPerm extractEntry package.json
232 silly gunzTarPerm modified mode [ 'package.json', 438, 420 ]
233 silly gunzTarPerm extractEntry package.json
234 silly gunzTarPerm modified mode [ 'package.json', 438, 420 ]
235 silly gunzTarPerm extractEntry .npmignore
236 silly gunzTarPerm modified mode [ '.npmignore', 438, 420 ]
237 silly gunzTarPerm extractEntry README.md
238 silly gunzTarPerm modified mode [ 'README.md', 438, 420 ]
239 silly gunzTarPerm extractEntry .npmignore
240 silly gunzTarPerm modified mode [ '.npmignore', 438, 420 ]
241 silly gunzTarPerm extractEntry README.md
242 silly gunzTarPerm modified mode [ 'README.md', 438, 420 ]
243 silly gunzTarPerm extractEntry lib/main.js
244 silly gunzTarPerm modified mode [ 'lib/main.js', 438, 420 ]
245 silly gunzTarPerm extractEntry lib/events.js
246 silly gunzTarPerm modified mode [ 'lib/events.js', 438, 420 ]
247 silly gunzTarPerm extractEntry lib/is.js
248 silly gunzTarPerm modified mode [ 'lib/is.js', 438, 420 ]
249 silly gunzTarPerm extractEntry lib/cancellation.js
250 silly gunzTarPerm modified mode [ 'lib/cancellation.js', 438, 420 ]
251 silly gunzTarPerm extractEntry lib/messageReader.js
252 silly gunzTarPerm modified mode [ 'lib/messageReader.js', 438, 420 ]
253 silly gunzTarPerm extractEntry lib/messageWriter.js
254 silly gunzTarPerm modified mode [ 'lib/messageWriter.js', 438, 420 ]
255 silly gunzTarPerm extractEntry lib/messages.js
256 silly gunzTarPerm modified mode [ 'lib/messages.js', 438, 420 ]
257 silly gunzTarPerm extractEntry lib/cancellation.d.ts
258 silly gunzTarPerm modified mode [ 'lib/cancellation.d.ts', 438, 420 ]
259 silly gunzTarPerm extractEntry lib/messageReader.d.ts
260 silly gunzTarPerm modified mode [ 'lib/messageReader.d.ts', 438, 420 ]
261 silly gunzTarPerm extractEntry lib/is.d.ts
262 silly gunzTarPerm modified mode [ 'lib/is.d.ts', 438, 420 ]
263 silly gunzTarPerm extractEntry lib/messageWriter.d.ts
264 silly gunzTarPerm modified mode [ 'lib/messageWriter.d.ts', 438, 420 ]
265 silly gunzTarPerm extractEntry lib/events.d.ts
266 silly gunzTarPerm modified mode [ 'lib/events.d.ts', 438, 420 ]
267 silly gunzTarPerm extractEntry lib/messages.d.ts
268 silly gunzTarPerm modified mode [ 'lib/messages.d.ts', 438, 420 ]
269 silly gunzTarPerm extractEntry lib/main.d.ts
270 silly gunzTarPerm modified mode [ 'lib/main.d.ts', 438, 420 ]
271 silly gunzTarPerm extractEntry License.txt
272 silly gunzTarPerm modified mode [ 'License.txt', 438, 420 ]
273 silly gunzTarPerm extractEntry thirdpartynotices.txt
274 silly gunzTarPerm modified mode [ 'thirdpartynotices.txt', 438, 420 ]
275 silly gunzTarPerm extractEntry License.txt
276 silly gunzTarPerm modified mode [ 'License.txt', 438, 420 ]
277 silly gunzTarPerm extractEntry lib/protocolCodeLens.js
278 silly gunzTarPerm modified mode [ 'lib/protocolCodeLens.js', 438, 420 ]
279 silly gunzTarPerm extractEntry lib/main.js
280 silly gunzTarPerm modified mode [ 'lib/main.js', 438, 420 ]
281 silly gunzTarPerm extractEntry lib/protocol.js
282 silly gunzTarPerm modified mode [ 'lib/protocol.js', 438, 420 ]
283 silly gunzTarPerm extractEntry lib/codeConverter.js
284 silly gunzTarPerm modified mode [ 'lib/codeConverter.js', 438, 420 ]
285 silly gunzTarPerm extractEntry lib/protocolCompletionItem.js
286 silly gunzTarPerm modified mode [ 'lib/protocolCompletionItem.js', 438, 420 ]
287 silly gunzTarPerm extractEntry lib/protocolConverter.js
288 silly gunzTarPerm modified mode [ 'lib/protocolConverter.js', 438, 420 ]
289 silly gunzTarPerm extractEntry lib/protocolDiagnostic.js
290 silly gunzTarPerm modified mode [ 'lib/protocolDiagnostic.js', 438, 420 ]
291 silly gunzTarPerm extractEntry lib/codeConverter.d.ts
292 silly gunzTarPerm modified mode [ 'lib/codeConverter.d.ts', 438, 420 ]
293 silly gunzTarPerm extractEntry lib/protocolCompletionItem.d.ts
294 silly gunzTarPerm modified mode [ 'lib/protocolCompletionItem.d.ts', 438, 420 ]
295 silly gunzTarPerm extractEntry lib/protocol.d.ts
296 silly gunzTarPerm modified mode [ 'lib/protocol.d.ts', 438, 420 ]
297 silly gunzTarPerm extractEntry lib/protocolConverter.d.ts
298 silly gunzTarPerm modified mode [ 'lib/protocolConverter.d.ts', 438, 420 ]
299 silly gunzTarPerm extractEntry lib/main.d.ts
300 silly gunzTarPerm modified mode [ 'lib/main.d.ts', 438, 420 ]
301 silly gunzTarPerm extractEntry lib/protocolDiagnostic.d.ts
302 silly gunzTarPerm modified mode [ 'lib/protocolDiagnostic.d.ts', 438, 420 ]
303 silly gunzTarPerm extractEntry lib/protocolCodeLens.d.ts
304 silly gunzTarPerm modified mode [ 'lib/protocolCodeLens.d.ts', 438, 420 ]
305 silly gunzTarPerm extractEntry lib/utils/async.js
306 silly gunzTarPerm modified mode [ 'lib/utils/async.js', 438, 420 ]
307 silly gunzTarPerm extractEntry lib/utils/electron.js
308 silly gunzTarPerm modified mode [ 'lib/utils/electron.js', 438, 420 ]
309 silly gunzTarPerm extractEntry lib/utils/electronForkStart.js
310 silly gunzTarPerm modified mode [ 'lib/utils/electronForkStart.js', 438, 420 ]
311 silly gunzTarPerm extractEntry lib/utils/is.js
312 silly gunzTarPerm modified mode [ 'lib/utils/is.js', 438, 420 ]
313 silly gunzTarPerm extractEntry lib/utils/processes.js
314 silly gunzTarPerm modified mode [ 'lib/utils/processes.js', 438, 420 ]
315 silly gunzTarPerm extractEntry lib/utils/async.d.ts
316 silly gunzTarPerm modified mode [ 'lib/utils/async.d.ts', 438, 420 ]
317 silly gunzTarPerm extractEntry lib/utils/electron.d.ts
318 silly gunzTarPerm modified mode [ 'lib/utils/electron.d.ts', 438, 420 ]
319 silly gunzTarPerm extractEntry lib/utils/electronForkStart.d.ts
320 silly gunzTarPerm modified mode [ 'lib/utils/electronForkStart.d.ts', 438, 420 ]
321 silly gunzTarPerm extractEntry lib/utils/is.d.ts
322 silly gunzTarPerm modified mode [ 'lib/utils/is.d.ts', 438, 420 ]
323 silly gunzTarPerm extractEntry lib/utils/processes.d.ts
324 silly gunzTarPerm modified mode [ 'lib/utils/processes.d.ts', 438, 420 ]
325 silly gunzTarPerm extractEntry thirdpartynotices.txt
326 silly gunzTarPerm modified mode [ 'thirdpartynotices.txt', 438, 420 ]
327 silly gentlyRm /Users/robert/Projekte/KodeStudio/extensions/haxe/node_modules/.staging/vscode-jsonrpc-5f564aca/node_modules is being purged
328 verbose gentlyRm don't care about contents; nuking /Users/robert/Projekte/KodeStudio/extensions/haxe/node_modules/.staging/vscode-jsonrpc-5f564aca/node_modules
329 silly gentlyRm /Users/robert/Projekte/KodeStudio/extensions/haxe/node_modules/.staging/vscode-languageclient-b35ea036/node_modules is being purged
330 verbose gentlyRm don't care about contents; nuking /Users/robert/Projekte/KodeStudio/extensions/haxe/node_modules/.staging/vscode-languageclient-b35ea036/node_modules
331 silly doParallel preinstall 2
332 silly preinstall vscode-jsonrpc@2.2.0 /Users/robert/Projekte/KodeStudio/extensions/haxe/node_modules/.staging/vscode-jsonrpc-5f564aca
333 info lifecycle vscode-jsonrpc@2.2.0~preinstall: vscode-jsonrpc@2.2.0
334 silly preinstall vscode-languageclient@2.3.0 /Users/robert/Projekte/KodeStudio/extensions/haxe/node_modules/.staging/vscode-languageclient-b35ea036
335 info lifecycle vscode-languageclient@2.3.0~preinstall: vscode-languageclient@2.3.0
336 silly lifecycle vscode-jsonrpc@2.2.0~preinstall: no script for preinstall, continuing
337 silly lifecycle vscode-languageclient@2.3.0~preinstall: no script for preinstall, continuing
338 silly doReverseSerial remove 0
339 silly doSerial move 0
340 silly doSerial finalize 2
341 silly finalize /Users/robert/Projekte/KodeStudio/extensions/haxe/node_modules/vscode-jsonrpc
342 silly finalize /Users/robert/Projekte/KodeStudio/extensions/haxe/node_modules/vscode-languageclient
343 silly doSerial build 2
344 silly build vscode-jsonrpc@2.2.0
345 info linkStuff vscode-jsonrpc@2.2.0
346 silly linkStuff vscode-jsonrpc@2.2.0 has /Users/robert/Projekte/KodeStudio/extensions/haxe/node_modules as its parent node_modules
347 verbose linkBins vscode-jsonrpc@2.2.0
348 verbose linkMans vscode-jsonrpc@2.2.0
349 silly build vscode-languageclient@2.3.0
350 info linkStuff vscode-languageclient@2.3.0
351 silly linkStuff vscode-languageclient@2.3.0 has /Users/robert/Projekte/KodeStudio/extensions/haxe/node_modules as its parent node_modules
352 verbose linkBins vscode-languageclient@2.3.0
353 verbose linkMans vscode-languageclient@2.3.0
354 silly doSerial global-link 0
355 silly doParallel update-linked 0
356 silly doSerial install 2
357 silly install vscode-jsonrpc@2.2.0 /Users/robert/Projekte/KodeStudio/extensions/haxe/node_modules/.staging/vscode-jsonrpc-5f564aca
358 info lifecycle vscode-jsonrpc@2.2.0~install: vscode-jsonrpc@2.2.0
359 silly lifecycle vscode-jsonrpc@2.2.0~install: no script for install, continuing
360 silly install vscode-languageclient@2.3.0 /Users/robert/Projekte/KodeStudio/extensions/haxe/node_modules/.staging/vscode-languageclient-b35ea036
361 info lifecycle vscode-languageclient@2.3.0~install: vscode-languageclient@2.3.0
362 silly lifecycle vscode-languageclient@2.3.0~install: no script for install, continuing
363 silly doSerial postinstall 2
364 silly postinstall vscode-jsonrpc@2.2.0 /Users/robert/Projekte/KodeStudio/extensions/haxe/node_modules/.staging/vscode-jsonrpc-5f564aca
365 info lifecycle vscode-jsonrpc@2.2.0~postinstall: vscode-jsonrpc@2.2.0
366 silly lifecycle vscode-jsonrpc@2.2.0~postinstall: no script for postinstall, continuing
367 silly postinstall vscode-languageclient@2.3.0 /Users/robert/Projekte/KodeStudio/extensions/haxe/node_modules/.staging/vscode-languageclient-b35ea036
368 info lifecycle vscode-languageclient@2.3.0~postinstall: vscode-languageclient@2.3.0
369 silly lifecycle vscode-languageclient@2.3.0~postinstall: no script for postinstall, continuing
370 verbose unlock done using /Users/robert/.electron-gyp/.npm/_locks/staging-111836457d058c58.lock for /Users/robert/Projekte/KodeStudio/extensions/haxe/node_modules/.staging
371 silly executeActions Finishing
372 silly rollbackFailedOptional Starting
373 silly rollbackFailedOptional Finishing
374 silly install runPostinstallTopLevelLifecycles
375 silly build vshaxe@0.1.3
376 info linkStuff vshaxe@0.1.3
377 silly linkStuff vshaxe@0.1.3 has /Users/robert/Projekte/KodeStudio/extensions as its parent node_modules
378 verbose linkBins vshaxe@0.1.3
379 verbose linkMans vshaxe@0.1.3
380 silly install vshaxe@0.1.3 /Users/robert/Projekte/KodeStudio/extensions/haxe/vshaxe-c7059cb0
381 info lifecycle vshaxe@0.1.3~install: vshaxe@0.1.3
382 silly lifecycle vshaxe@0.1.3~install: no script for install, continuing
383 silly postinstall vshaxe@0.1.3 /Users/robert/Projekte/KodeStudio/extensions/haxe/vshaxe-c7059cb0
384 info lifecycle vshaxe@0.1.3~postinstall: vshaxe@0.1.3
385 verbose lifecycle vshaxe@0.1.3~postinstall: unsafe-perm in lifecycle true
386 verbose lifecycle vshaxe@0.1.3~postinstall: PATH: /usr/local/lib/node_modules/npm/bin/node-gyp-bin:/Users/robert/Projekte/KodeStudio/extensions/haxe/node_modules/.bin:/usr/local/lib/node_modules/npm/bin/node-gyp-bin:/Users/robert/Projekte/KodeStudio/node_modules/.bin:/Users/robert/.opam/4.02.3/bin:/usr/local/bin:/usr/bin:/bin:/usr/sbin:/sbin:/opt/X11/bin
387 verbose lifecycle vshaxe@0.1.3~postinstall: CWD: /Users/robert/Projekte/KodeStudio/extensions/haxe
388 silly lifecycle vshaxe@0.1.3~postinstall: Args: [ '-c', 'haxe build.hxml' ]
389 silly lifecycle vshaxe@0.1.3~postinstall: Returned: code: 1  signal: null
390 info lifecycle vshaxe@0.1.3~postinstall: Failed to exec postinstall script
391 verbose stack Error: vshaxe@0.1.3 postinstall: `haxe build.hxml`
391 verbose stack Exit status 1
391 verbose stack     at EventEmitter.<anonymous> (/usr/local/lib/node_modules/npm/lib/utils/lifecycle.js:255:16)
391 verbose stack     at emitTwo (events.js:106:13)
391 verbose stack     at EventEmitter.emit (events.js:191:7)
391 verbose stack     at ChildProcess.<anonymous> (/usr/local/lib/node_modules/npm/lib/utils/spawn.js:40:14)
391 verbose stack     at emitTwo (events.js:106:13)
391 verbose stack     at ChildProcess.emit (events.js:191:7)
391 verbose stack     at maybeClose (internal/child_process.js:885:16)
391 verbose stack     at Process.ChildProcess._handle.onexit (internal/child_process.js:226:5)
392 verbose pkgid vshaxe@0.1.3
393 verbose cwd /Users/robert/Projekte/KodeStudio/extensions/haxe
394 error Darwin 16.1.0
395 error argv "/usr/local/bin/node" "/usr/local/bin/npm" "install"
396 error node v7.1.0
397 error npm  v3.10.9
398 error code ELIFECYCLE
399 error vshaxe@0.1.3 postinstall: `haxe build.hxml`
399 error Exit status 1
400 error Failed at the vshaxe@0.1.3 postinstall script 'haxe build.hxml'.
400 error Make sure you have the latest version of node.js and npm installed.
400 error If you do, this is most likely a problem with the vshaxe package,
400 error not with npm itself.
400 error Tell the author that this fails on your system:
400 error     haxe build.hxml
400 error You can get information on how to open an issue for this project with:
400 error     npm bugs vshaxe
400 error Or if that isn't available, you can get their info via:
400 error     npm owner ls vshaxe
400 error There is likely additional logging output above.
401 verbose exit [ 1, true ]
